<?xml version="1.0" encoding="UTF-8"?>
<testng-results ignored="0" total="1" passed="1" failed="0" skipped="0">
  <reporter-output>
  </reporter-output>
  <suite started-at="2020-07-31T15:39:16 PDT" name="Default suite" finished-at="2020-07-31T15:39:17 PDT" duration-ms="1188">
    <groups>
    </groups>
    <test started-at="2020-07-31T15:39:16 PDT" name="Default test" finished-at="2020-07-31T15:39:17 PDT" duration-ms="1188">
      <class name="studentApitest.DelApiTest">
        <test-method is-config="true" signature="baseTest()[pri:0, instance:studentApitest.DelApiTest@1356d4d4]" started-at="2020-07-31T15:39:16 PDT" name="baseTest" finished-at="2020-07-31T15:39:16 PDT" duration-ms="408" status="PASS">
          <reporter-output>
          </reporter-output>
        </test-method> <!-- baseTest -->
        <test-method is-config="true" signature="BeforeDelTest()[pri:0, instance:studentApitest.DelApiTest@1356d4d4]" started-at="2020-07-31T15:39:16 PDT" name="BeforeDelTest" finished-at="2020-07-31T15:39:17 PDT" duration-ms="621" status="PASS">
          <reporter-output>
          </reporter-output>
        </test-method> <!-- BeforeDelTest -->
        <test-method signature="DelTest()[pri:0, instance:studentApitest.DelApiTest@1356d4d4]" started-at="2020-07-31T15:39:17 PDT" name="DelTest" finished-at="2020-07-31T15:39:17 PDT" duration-ms="27" status="PASS">
          <reporter-output>
          </reporter-output>
        </test-method> <!-- DelTest -->
      </class> <!-- studentApitest.DelApiTest -->
    </test> <!-- Default test -->
  </suite> <!-- Default suite -->
</testng-results>
